# JRE version: Java(TM) SE Runtime Environment (12.0.2+10) (build 12.0.2+10)
# Java VM: Java HotSpot(TM) 64-Bit Server VM (12.0.2+10, mixed mode, sharing, tiered, compressed oops, g1 gc, windows-amd64)
Heap:
 garbage-first heap   total 65536K, used 44624K [0x0000000741e00000, 0x0000000800000000)
  region size 1024K, 35 young (35840K), 6 survivors (6144K)
 Metaspace       used 43255K, capacity 44139K, committed 44336K, reserved 1087488K
  class space    used 5347K, capacity 5709K, committed 5760K, reserved 1048576K
GC Heap History (10 events):
Event: 1.462 GC heap before
{Heap before GC invocations=3 (full 0):
 garbage-first heap   total 37888K, used 23228K [0x0000000741e00000, 0x0000000800000000)
  region size 1024K, 22 young (22528K), 8 survivors (8192K)
 Metaspace       used 22356K, capacity 23010K, committed 23216K, reserved 1069056K
  class space    used 2820K, capacity 3072K, committed 3072K, reserved 1048576K
}
Event: 1.471 GC heap after
{Heap after GC invocations=4 (full 0):
 garbage-first heap   total 37888K, used 10066K [0x0000000741e00000, 0x0000000800000000)
  region size 1024K, 2 young (2048K), 2 survivors (2048K)
 Metaspace       used 22356K, capacity 23010K, committed 23216K, reserved 1069056K
  class space    used 2820K, capacity 3072K, committed 3072K, reserved 1048576K
}
Event: 2.246 GC heap before
{Heap before GC invocations=4 (full 0):
 garbage-first heap   total 37888K, used 25426K [0x0000000741e00000, 0x0000000800000000)
  region size 1024K, 17 young (17408K), 2 survivors (2048K)
 Metaspace       used 24897K, capacity 25678K, committed 25904K, reserved 1071104K
  class space    used 3140K, capacity 3450K, committed 3456K, reserved 1048576K
}
Event: 2.249 GC heap after
{Heap after GC invocations=5 (full 0):
 garbage-first heap   total 37888K, used 10943K [0x0000000741e00000, 0x0000000800000000)
  region size 1024K, 3 young (3072K), 3 survivors (3072K)
 Metaspace       used 24897K, capacity 25678K, committed 25904K, reserved 1071104K
  class space    used 3140K, capacity 3450K, committed 3456K, reserved 1048576K
}
Event: 2.477 GC heap before
{Heap before GC invocations=5 (full 0):
 garbage-first heap   total 37888K, used 26303K [0x0000000741e00000, 0x0000000800000000)
  region size 1024K, 18 young (18432K), 3 survivors (3072K)
 Metaspace       used 27515K, capacity 28359K, committed 28592K, reserved 1075200K
  class space    used 3397K, capacity 3721K, committed 3840K, reserved 1048576K
}
Event: 2.483 GC heap after
{Heap after GC invocations=6 (full 0):
 garbage-first heap   total 37888K, used 12521K [0x0000000741e00000, 0x0000000800000000)
  region size 1024K, 3 young (3072K), 3 survivors (3072K)
 Metaspace       used 27515K, capacity 28359K, committed 28592K, reserved 1075200K
  class space    used 3397K, capacity 3721K, committed 3840K, reserved 1048576K
}
Event: 2.707 GC heap before
{Heap before GC invocations=6 (full 0):
 garbage-first heap   total 37888K, used 27881K [0x0000000741e00000, 0x0000000800000000)
  region size 1024K, 18 young (18432K), 3 survivors (3072K)
 Metaspace       used 29006K, capacity 29805K, committed 30000K, reserved 1075200K
  class space    used 3588K, capacity 3920K, committed 3968K, reserved 1048576K
}
Event: 2.711 GC heap after
{Heap after GC invocations=7 (full 0):
 garbage-first heap   total 117760K, used 13853K [0x0000000741e00000, 0x0000000800000000)
  region size 1024K, 3 young (3072K), 3 survivors (3072K)
 Metaspace       used 29006K, capacity 29805K, committed 30000K, reserved 1075200K
  class space    used 3588K, capacity 3920K, committed 3968K, reserved 1048576K
}
Event: 6.527 GC heap before
{Heap before GC invocations=7 (full 0):
 garbage-first heap   total 117760K, used 51741K [0x0000000741e00000, 0x0000000800000000)
  region size 1024K, 41 young (41984K), 3 survivors (3072K)
 Metaspace       used 34939K, capacity 35837K, committed 35888K, reserved 1081344K
  class space    used 4344K, capacity 4712K, committed 4736K, reserved 1048576K
}
Event: 6.534 GC heap after
{Heap after GC invocations=8 (full 0):
 garbage-first heap   total 117760K, used 16976K [0x0000000741e00000, 0x0000000800000000)
  region size 1024K, 6 young (6144K), 6 survivors (6144K)
 Metaspace       used 34939K, capacity 35837K, committed 35888K, reserved 1081344K
  class space    used 4344K, capacity 4712K, committed 4736K, reserved 1048576K
}

